Wed Feb 15 01:18:05 2023 find anananaananananana, ana
Wed Feb 15 01:18:06 2023 find anananaananananana, ana
Wed Feb 15 01:18:06 2023 find anananaananananana, ana
Wed Feb 15 01:18:06 2023 find anananaananananana, ana
Wed Feb 15 01:18:06 2023 find anananaananananana, ana
Wed Feb 15 01:18:12 2023 find anananaananananana, ana
Wed Feb 15 01:18:14 2023 find anananaananananana, ana
Wed Feb 15 01:18:14 2023 find anananaananananana, ana
Wed Feb 15 01:18:16 2023 find anananaananananana, ana
Wed Feb 15 01:18:16 2023 find anananaananananana, ana
Wed Feb 15 01:18:17 2023 find anananaananananana, ana
Wed Feb 15 01:18:17 2023 find anananaananananana, ana
Wed Feb 15 01:18:17 2023 find anananaananananana, ana
Wed Feb 15 01:18:17 2023 find anananaananananana, ana
Wed Feb 15 01:18:18 2023 find anananaananananana, ana
Wed Feb 15 01:18:18 2023 find anananaananananana, ana
Wed Feb 15 01:18:18 2023 find anananaananananana, ana
Wed Feb 15 01:18:18 2023 find anananaananananana, ana
Wed Feb 15 01:18:18 2023 find anananaananananana, ana
Wed Feb 15 01:18:19 2023 find anananaananananana, ana
Wed Feb 15 01:18:20 2023 find ananananananananana, ana
Wed Feb 15 01:18:22 2023 find ananananananananana, ana
Wed Feb 15 01:18:23 2023 find anananaananananana, ana
Wed Feb 15 01:18:23 2023 find anananaananananana, ana
Wed Feb 15 01:18:23 2023 find anananaananananana, ana
Wed Feb 15 01:18:24 2023 find anananaananananana, ana
Wed Feb 15 01:18:24 2023 find anananaananananana, ana
Wed Feb 15 01:18:24 2023 find ananananananananana, ana
Wed Feb 15 01:18:25 2023 substring abcdefghijkl, 1:100
Wed Feb 15 01:18:27 2023 substring abcdefghijkl, 3:20
Wed Feb 15 01:18:27 2023 substring abcdefghijkl, 50:2
Wed Feb 15 01:18:27 2023 substring abcdefghijkl, 5:2
Wed Feb 15 01:18:28 2023 substring abcdefghijkl, 2:5
Wed Feb 15 01:18:28 2023 anagrams bLEat
Wed Feb 15 01:18:28 2023 anagrams table
Wed Feb 15 01:18:29 2023 anagrams FAIL
Wed Feb 15 01:18:29 2023 anagrams FAIL
Wed Feb 15 01:18:29 2023 anagrams FAIL
Wed Feb 15 01:18:29 2023 anagrams pasA
Wed Feb 15 01:18:30 2023 anagrams pas
Wed Feb 15 01:18:30 2023 anagrams pas
Wed Feb 15 01:18:30 2023 counterstring 14 {char}
Wed Feb 15 01:18:30 2023 root
Wed Feb 15 01:18:31 2023 root
Wed Feb 15 01:18:32 2023 count all
Wed Feb 15 01:18:32 2023 root
Wed Feb 15 01:18:33 2023 root
Wed Feb 15 01:18:33 2023 root
Wed Feb 15 01:18:33 2023 root
Wed Feb 15 01:18:34 2023 count all
Wed Feb 15 01:18:34 2023 root
Wed Feb 15 01:18:35 2023 root
Wed Feb 15 01:18:35 2023 counterstring 14 {char}
Wed Feb 15 01:18:36 2023 anagrams pas
Wed Feb 15 01:18:36 2023 anagrams pas
Wed Feb 15 01:18:38 2023 anagrams FAIL
Wed Feb 15 01:18:38 2023 anagrams table
Wed Feb 15 01:18:39 2023 anagrams bLEat
Wed Feb 15 01:18:39 2023 substring abcdefghijkl, 2:5
Wed Feb 15 01:18:40 2023 substring abcdefghijkl, 5:2
Wed Feb 15 01:18:40 2023 substring abcdefghijkl, 50:2
Wed Feb 15 01:18:41 2023 substring abcdefghijkl, 3:20
Wed Feb 15 01:18:53 2023 substring abcdefghijkl, 3:20
Wed Feb 15 01:18:54 2023 substring abcdefghijkl, 0:100
Wed Feb 15 01:18:54 2023 substring abcdefghijkl, 0:100
Wed Feb 15 01:18:55 2023 substring abcdefghijkl, 1:100
Wed Feb 15 01:18:55 2023 substring abcdefghijkl, 0:100
Wed Feb 15 01:19:01 2023 substring abcdefghijkl, 0:100
Wed Feb 15 01:19:02 2023 substring abcdefghijkl, 1:100
Wed Feb 15 01:19:02 2023 substring abcdefghijkl, 0:100
Wed Feb 15 01:19:03 2023 substring abcdefghijkl, 3:20
Wed Feb 15 01:19:03 2023 substring abcdefghijkl, 50:2
Wed Feb 15 01:19:03 2023 substring abcdefghijkl, 50:2
Wed Feb 15 01:19:04 2023 substring abcdefghijkl, 5:2
Wed Feb 15 01:19:04 2023 substring abcdefghijkl, 2:5
Wed Feb 15 01:19:04 2023 substring abcdefghijkl, 2:5
Wed Feb 15 01:19:04 2023 anagrams bLEat
Wed Feb 15 01:19:04 2023 anagrams table
Wed Feb 15 01:19:05 2023 anagrams FAIL
Wed Feb 15 01:19:05 2023 anagrams FAIL
Wed Feb 15 01:19:05 2023 anagrams pasA
Wed Feb 15 01:19:05 2023 anagrams pas
Wed Feb 15 01:19:06 2023 counterstring 14 {char}
Wed Feb 15 01:19:06 2023 root
Wed Feb 15 01:19:06 2023 root
Wed Feb 15 01:19:06 2023 count all
Wed Feb 15 01:19:07 2023 count all
Wed Feb 15 01:19:07 2023 root
Wed Feb 15 01:19:07 2023 root
Wed Feb 15 01:19:07 2023 root
Wed Feb 15 01:19:07 2023 root
Wed Feb 15 01:19:08 2023 root
Wed Feb 15 01:19:08 2023 root
Wed Feb 15 01:19:08 2023 root
Wed Feb 15 01:19:08 2023 root
Wed Feb 15 01:19:09 2023 root
Wed Feb 15 01:19:09 2023 root
Wed Feb 15 01:19:09 2023 root
Wed Feb 15 01:19:09 2023 root
Wed Feb 15 01:19:10 2023 count all
Wed Feb 15 01:19:10 2023 root
Wed Feb 15 01:19:10 2023 root
Wed Feb 15 01:19:11 2023 root
Wed Feb 15 01:19:11 2023 root
Wed Feb 15 01:19:11 2023 count all
Wed Feb 15 01:19:11 2023 root
Wed Feb 15 01:19:12 2023 root
Wed Feb 15 01:19:12 2023 counterstring 14 {char}
Wed Feb 15 01:19:12 2023 anagrams pas
Wed Feb 15 01:19:13 2023 anagrams pasA
Wed Feb 15 01:19:13 2023 anagrams table
Wed Feb 15 01:19:13 2023 anagrams bLEat
Wed Feb 15 01:19:14 2023 substring abcdefghijkl, 5:2
Wed Feb 15 01:19:14 2023 substring abcdefghijkl, 50:2
Wed Feb 15 01:19:14 2023 substring abcdefghijkl, 3:20
Wed Feb 15 01:19:14 2023 substring abcdefghijkl, 3:20
Wed Feb 15 01:19:15 2023 substring abcdefghijkl, 3:20
Wed Feb 15 01:19:15 2023 substring abcdefghijkl, 1:100
Wed Feb 15 01:19:15 2023 substring abcdefghijkl, 0:100
Wed Feb 15 01:19:21 2023 substring abcdefghijkl, 0:100
Wed Feb 15 01:19:21 2023 substring abcdefghijkl, 1:100
Wed Feb 15 01:19:21 2023 substring abcdefghijkl, 0:100
Wed Feb 15 01:19:22 2023 substring abcdefghijkl, 3:20
Wed Feb 15 01:19:22 2023 substring abcdefghijkl, 50:2
Wed Feb 15 01:19:22 2023 substring abcdefghijkl, 5:2
Wed Feb 15 01:19:22 2023 substring abcdefghijkl, 2:5
Wed Feb 15 01:19:23 2023 anagrams bLEat
Wed Feb 15 01:19:23 2023 anagrams table
Wed Feb 15 01:19:23 2023 anagrams FAIL
Wed Feb 15 01:19:24 2023 anagrams pasA
Wed Feb 15 01:19:24 2023 anagrams pas
Wed Feb 15 01:19:24 2023 anagrams pas
Wed Feb 15 01:19:25 2023 counterstring 14 {char}
Wed Feb 15 01:19:25 2023 root
Wed Feb 15 01:19:25 2023 root
Wed Feb 15 01:19:26 2023 count all
Wed Feb 15 01:19:26 2023 root
Wed Feb 15 01:19:26 2023 root
Wed Feb 15 01:19:26 2023 root
Wed Feb 15 01:19:27 2023 root
Wed Feb 15 01:19:27 2023 root
Wed Feb 15 01:19:27 2023 root
Wed Feb 15 01:19:27 2023 root
Wed Feb 15 01:19:35 2023 count all
Wed Feb 15 01:19:36 2023 root
Wed Feb 15 01:19:38 2023 root
Wed Feb 15 01:19:38 2023 counterstring 14 {char}
Wed Feb 15 01:19:39 2023 anagrams pas
Wed Feb 15 01:20:30 2023 Starting T-Tweak
Wed Feb 15 01:20:30 2023 T-Tweak Started
Wed Feb 15 01:21:05 2023 Starting T-Tweak
Wed Feb 15 01:21:05 2023 T-Tweak Started
Wed Feb 15 01:23:19 2023 anagrams pas
Wed Feb 15 01:23:21 2023 root
Mon Feb 20 00:12:54 2023 Starting T-Tweak
Mon Feb 20 00:12:54 2023 T-Tweak Started
Mon Feb 20 00:20:42 2023 Starting T-Tweak
Mon Feb 20 00:20:42 2023 T-Tweak Started
Mon Feb 20 00:20:56 2023 root
Mon Feb 20 00:22:05 2023 Starting T-Tweak
Mon Feb 20 00:22:05 2023 T-Tweak Started
Mon Feb 20 00:22:06 2023 Starting T-Tweak
Mon Feb 20 00:22:06 2023 T-Tweak Started
Mon Feb 20 00:23:52 2023 Starting T-Tweak
Mon Feb 20 00:23:52 2023 T-Tweak Started
Mon Feb 20 00:24:31 2023 Starting T-Tweak
Mon Feb 20 00:24:31 2023 T-Tweak Started
Mon Feb 20 00:25:15 2023 Starting T-Tweak
Mon Feb 20 00:25:15 2023 T-Tweak Started
Mon Feb 20 00:30:09 2023 Starting T-Tweak
Mon Feb 20 00:30:09 2023 T-Tweak Started
Mon Feb 20 00:31:10 2023 root
Mon Feb 20 00:31:59 2023 Starting T-Tweak
Mon Feb 20 00:31:59 2023 T-Tweak Started
Mon Feb 20 00:32:06 2023 root
Mon Feb 20 00:32:39 2023 Starting T-Tweak
Mon Feb 20 00:32:39 2023 T-Tweak Started
Mon Feb 20 01:04:43 2023 Starting T-Tweak
Mon Feb 20 01:04:43 2023 T-Tweak Started
Mon Feb 20 01:05:44 2023 Starting T-Tweak
Mon Feb 20 01:05:44 2023 T-Tweak Started
Mon Feb 20 01:07:21 2023 Starting T-Tweak
Mon Feb 20 01:07:21 2023 T-Tweak Started
Mon Feb 20 01:08:48 2023 Starting T-Tweak
Mon Feb 20 01:08:48 2023 T-Tweak Started
Mon Feb 20 01:19:05 2023 Starting T-Tweak
Mon Feb 20 01:19:05 2023 T-Tweak Started
Mon Feb 20 01:19:58 2023 Starting T-Tweak
Mon Feb 20 01:19:58 2023 T-Tweak Started
Mon Feb 20 01:21:34 2023 Starting T-Tweak
Mon Feb 20 01:21:34 2023 T-Tweak Started
Mon Feb 20 01:22:11 2023 Starting T-Tweak
Mon Feb 20 01:22:11 2023 T-Tweak Started
